<?xml version="1.0" encoding="UTF-8"?>
<!-- Generated by org.testng.reporters.JUnitReportReporter -->
<testsuite hostname="DESKTOP-1HM0P14" failures="0" tests="8" name="master_01.MasterClass_01" time="109.290" errors="0" timestamp="2024-06-18T12:14:15 IST" skipped="0">
  <testcase classname="master_01.MasterClass_01" name="launchapp" time="6.666"/>
  <system-out/>
  <testcase classname="master_01.MasterClass_01" name="CreatingNewUser" time="0.003"/>
  <system-out/>
  <testcase classname="master_01.MasterClass_01" name="LoginApp" time="9.603"/>
  <system-out/>
  <testcase classname="master_01.MasterClass_01" name="Application_Testing1" time="10.013"/>
  <system-out/>
  <testcase classname="master_01.MasterClass_01" name="Application_Testing2" time="3.953"/>
  <system-out/>
  <testcase classname="master_01.MasterClass_01" name="Application_Testing3" time="8.691"/>
  <system-out/>
  <testcase classname="master_01.MasterClass_01" name="Application_Testing4" time="22.612"/>
  <system-out/>
  <testcase classname="master_01.MasterClass_01" name="Application_Testing5" time="47.749"/>
  <system-out/>
</testsuite> <!-- master_01.MasterClass_01 -->
