<?xml version="1.0" encoding="UTF-8"?>
<!-- Generated by org.testng.reporters.JUnitReportReporter -->
<testsuite hostname="DESKTOP-1HM0P14" failures="0" tests="8" name="master_01.MasterClass_01" time="81.493" errors="0" timestamp="2024-06-18T11:58:42 IST" skipped="0">
  <testcase classname="master_01.MasterClass_01" name="launchapp" time="5.607"/>
  <system-out/>
  <testcase classname="master_01.MasterClass_01" name="CreatingNewUser" time="0.002"/>
  <system-out/>
  <testcase classname="master_01.MasterClass_01" name="LoginApp" time="8.427"/>
  <system-out/>
  <testcase classname="master_01.MasterClass_01" name="Application_Testing1" time="9.230"/>
  <system-out/>
  <testcase classname="master_01.MasterClass_01" name="Application_Testing2" time="3.962"/>
  <system-out/>
  <testcase classname="master_01.MasterClass_01" name="Application_Testing3" time="8.709"/>
  <system-out/>
  <testcase classname="master_01.MasterClass_01" name="Application_Testing4" time="22.654"/>
  <system-out/>
  <testcase classname="master_01.MasterClass_01" name="Application_Testing5" time="22.902"/>
  <system-out/>
</testsuite> <!-- master_01.MasterClass_01 -->
